INFO - Driver started
INFO - Driver load fb page
INFO - Logined by smm.jocker@gmail.com
INFO - Load page pundyk.com.ua
INFO - 1 14 ч
INFO - https://www.facebook.com/pundyk.com.ua/photos/a.242997196083141.1073741828.242526636130197/349260245456835/?type=3
INFO - No likers for this post
INFO - Total invited: 0/0
INFO - 2 17 ч
INFO - https://www.facebook.com/pundyk.com.ua/photos/a.242997196083141.1073741828.242526636130197/349244092125117/?type=3
INFO - Start inviting
INFO - No more likers for inviting
INFO - Total invited: 0/0
INFO - 3 11 января в 10:31
INFO - https://www.facebook.com/pundyk.com.ua/photos/a.242997196083141.1073741828.242526636130197/345421429174050/?type=3
INFO - Start inviting
INFO - Driver started
INFO - Driver load fb page
INFO - Logined by oleg.kovalik@gmail.com
INFO - Load page sribnyk
INFO - 1 3 октября 2015 г.
INFO - https://www.facebook.com/sribnyk/photos/a.827716040603798.1073741829.824082987633770/1001699953205405/?type=3
INFO - Start inviting
INFO - No more likers for inviting
INFO - Total invited: 0/0
INFO - 4 4 января в 10:00
INFO - https://www.facebook.com/pundyk.com.ua/posts/342083562841170
INFO - Start inviting
INFO - Try to find more
INFO - Try to find more
